<?xml version="1.0" encoding="UTF-8"?>
<!-- Generated by org.testng.reporters.JUnitReportReporter -->
<testsuite hostname="L500049" failures="0" tests="3" name="com.test.TestNGBasics" time="0.012" errors="0" timestamp="2019-12-15T20:13:18 IST" skipped="0">
  <testcase classname="com.test.TestNGBasics" name="TestMethod1" time="0.008"/>
  <testcase classname="com.test.TestNGBasics" name="TestMethod3" time="0.002"/>
  <testcase classname="com.test.TestNGBasics" name="TestMethod2" time="0.002"/>
</testsuite> <!-- com.test.TestNGBasics -->
